NCC Health Checks Summary

################################################################################
SUMMARY
################################################################################
+-----------------------+
| State         | Count |
+-----------------------+
| Fail          | 1     |
| Info          | 4     |
| Pass          | 263   |
| Total Plugins | 268   |
+-----------------------+

################################################################################
DETAILED INFORMATION
################################################################################

Detailed information for ldap_config_check:
Node 10.48.52.67: 
FAIL: 1 ldap url ports non-connectable: [('10.48.52.77', 389)]
Refer to KB 2997 (http://portal.nutanix.com/kb/2997) for details on ldap_config_check

Detailed information for ec_enablement_check:
Node 10.48.52.67: 
INFO: Consider enabling erasure coding on container default-container-95217839260693 to get 24% space savings.
INFO: Consider enabling erasure coding on container SelfServiceContainer to get 23% space savings.
INFO: Consider enabling erasure coding on container EraContainer-12743 to get 26% space savings.
Refer to KB 14293 (http://portal.nutanix.com/kb/14293) for details on ec_enablement_check

Detailed information for check_cvm_ssh_security:
Node 10.48.52.67: 
INFO: Password-based remote login is enabled on the cluster. It is recommended to use key-based ssh access instead of password-based ssh access for better security.
Refer to KB 14104 (http://portal.nutanix.com/kb/14104) for details on check_cvm_ssh_security

Detailed information for orphan_vm_snapshot_check:
Node 10.48.52.67: 
INFO: Found 1 orphan VM snapshot(s): ['32c6748c-a77d-45dc-9139-8a3d7ba82cf9'].
Refer to KB 3752 (http://portal.nutanix.com/kb/3752) for details on orphan_vm_snapshot_check

Detailed information for secure_boot_check:
Node 10.48.52.67: 
INFO: Secure boot is not enabled on following hosts: 10.48.52.61; 10.48.52.62; 10.48.52.64; 10.48.52.12
Refer to KB 8193 (http://portal.nutanix.com/kb/8193) for details on secure_boot_check

NCC could not complete executing health checks on CVM IPs 10.48.52.67. Please check if Cluster Health is up and running.

################################################################################
PLUGIN RESULTS
################################################################################
/health_checks/system_checks/ldap_config_check                                                                        [ FAIL ] 
/health_checks/system_checks/ec_enablement_check                                                                      [ INFO ] 
/health_checks/system_checks/check_cvm_ssh_security                                                                   [ INFO ] 
/health_checks/hypervisor_checks/orphan_vm_snapshot_check                                                             [ INFO ] 
/health_checks/system_checks/secure_boot_check                                                                        [ INFO ] 
/health_checks/network_checks/ahv_dvs_config_consistency_check                                                        [ PASS ] 
/health_checks/system_checks/cluster_version_check                                                                    [ PASS ] 
/health_checks/network_checks/check_unsupported_sfp                                                                   [ PASS ] 
/health_checks/network_checks/check_interface_configuration_files                                                     [ PASS ] 
/health_checks/system_checks/cluster_node_count                                                                       [ PASS ] 
/health_checks/draas_checks/protection_policy_checks/recovery_point_limit_exceeding_check                             [ PASS ] 
/health_checks/system_checks/idf_db_to_db_sync_heartbeat_status_check                                                 [ PASS ] 
/health_checks/key_manager_checks/sw_encryption_key_availability_check                                                [ PASS ] 
/health_checks/data_protection_checks/protection_domain_checks/vstore_cg_file_count_check                             [ PASS ] 
/health_checks/sar_checks/ssd_latency_threshold_check                                                                 [ PASS ] 
/health_checks/data_protection_checks/protection_domain_checks/invalid_vm_name_check                                  [ PASS ] 
/health_checks/pulse_checks/metering_rest_connection_checks                                                           [ PASS ] 
/health_checks/stargate_checks/list_containers_with_conversion_to_aes_in_progress                                     [ PASS ] 
/health_checks/system_checks/host_cpu_frequency_check                                                                 [ PASS ] 
/health_checks/hardware_checks/disk_checks/disk_firmware_check                                                        [ PASS ] 
/health_checks/fileserver_checks/fileserver_cvm_checks/multiple_fsvm_on_single_node_check                             [ PASS ] 
/health_checks/fileserver_checks/fileserver_cvm_checks/file_server_version_check                                      [ PASS ] 
/health_checks/stargate_checks/list_vms_with_qos_attrs                                                                [ PASS ] 
/health_checks/fileserver_checks/fileserver_cvm_checks/file_server_remote_site_status_check                           [ PASS ] 
/health_checks/system_checks/cvm_memory_usage_check                                                                   [ PASS ] 
/health_checks/system_checks/vg_excluded_cvm                                                                          [ PASS ] 
/health_checks/cassandra_checks/ring_balance_check                                                                    [ PASS ] 
/health_checks/hypervisor_checks/hwclock_check                                                                        [ PASS ] 
/health_checks/network_checks/cvm_network_error_check                                                                 [ PASS ] 
/health_checks/network_checks/fanout_secure_port_connection_pe_to_pc_check                                            [ PASS ] 
/health_checks/cassandra_checks/cassandra_log_crash_check                                                             [ PASS ] 
/health_checks/network_checks/cvm_time_drift_check                                                                    [ PASS ] 
/health_checks/system_checks/alert_manager_service_check                                                              [ PASS ] 
/health_checks/network_checks/conntrack_mode_check                                                                    [ PASS ] 
/health_checks/cassandra_checks/nodetool_consistency_check                                                            [ PASS ] 
/health_checks/network_checks/ndp_check                                                                               [ PASS ] 
/health_checks/hardware_checks/disk_checks/storage_container_space_usage_check                                        [ PASS ] 
/health_checks/system_checks/check_node_ssh_keys                                                                      [ PASS ] 
/health_checks/data_protection_checks/ahv_sync_rep_checks/vm_updates_disabled_check                                   [ PASS ] 
/health_checks/hardware_checks/disk_checks/metadata_mounted_check                                                     [ PASS ] 
/health_checks/hardware_checks/ipmi_checks/power_supply_check                                                         [ PASS ] 
/health_checks/hardware_checks/dimm_checks/dimm_eppr_check                                                            [ PASS ] 
/health_checks/key_manager_checks/sed_key_availability_check                                                          [ PASS ] 
/health_checks/stargate_checks/oplog_index_memory_usage_check                                                         [ PASS ] 
/health_checks/system_checks/fs_inconsistency_check                                                                   [ PASS ] 
/health_checks/network_checks/zeus_config_ip_address_check                                                            [ PASS ] 
/health_checks/data_protection_checks/protection_domain_checks/duplicate_vm_names_check                               [ PASS ] 
/health_checks/stargate_checks/extent_group_ft_status_check                                                           [ PASS ] 
/health_checks/system_checks/zkalias_check_plugin                                                                     [ PASS ] 
/health_checks/data_protection_checks/protection_domain_checks/nearsync_staging_area_stale_files_check                [ PASS ] 
/health_checks/system_checks/snapshot_space_check                                                                     [ PASS ] 
/health_checks/fileserver_checks/fileserver_cvm_checks/nvm_cpu_checks                                                 [ PASS ] 
/health_checks/network_checks/conntrack_connection_limit_check                                                        [ PASS ] 
/health_checks/network_checks/ofpfmfc_table_full_check                                                                [ PASS ] 
/health_checks/stargate_checks/unresponsive_stargate_check                                                            [ PASS ] 
/health_checks/stargate_checks/container_on_removed_storage_pool                                                      [ PASS ] 
/health_checks/system_checks/cvm_name_check                                                                           [ PASS ] 
/health_checks/network_checks/cvm_mtu_uniformity_check                                                                [ PASS ] 
/health_checks/system_checks/check_network_configuration_files                                                        [ PASS ] 
/health_checks/system_checks/vdisk_count_check                                                                        [ PASS ] 
/health_checks/metro_availability_checks/secondary_metro_pd_in_sync_check                                             [ PASS ] 
/health_checks/data_protection_checks/protection_domain_checks/cross_hypervisor_ngt_installed_check                   [ PASS ] 
/health_checks/robo_checks/robo_witness_state_check                                                                   [ PASS ] 
/health_checks/hypervisor_checks/host_rx_packets_drop                                                                 [ PASS ] 
/health_checks/system_checks/sp_usage_check                                                                           [ PASS ] 
/health_checks/system_checks/dense_node_max_capacity_configuration_checks                                             [ PASS ] 
/health_checks/fileserver_checks/fileserver_cvm_checks/file_server_cvm_config_check                                   [ PASS ] 
/health_checks/network_checks/cvm_mtu_check                                                                           [ PASS ] 
/health_checks/network_checks/duplicate_hypervisor_ip_check                                                           [ PASS ] 
/health_checks/hardware_checks/disk_checks/host_disk_usage_check                                                      [ PASS ] 
/health_checks/system_checks/email_alerts_check                                                                       [ PASS ] 
/health_checks/data_protection_checks/protection_domain_checks/protected_vg_whitelist_check                           [ PASS ] 
/health_checks/hardware_checks/disk_checks/disk_id_duplicate_check                                                    [ PASS ] 
/health_checks/data_protection_checks/protection_domain_checks/pd_clones_check                                        [ PASS ] 
/health_checks/hardware_checks/ipmi_checks/ipmi_sel_check                                                             [ PASS ] 
/health_checks/data_protection_checks/protection_domain_checks/aged_third_party_backup_snapshot_check                 [ PASS ] 
/health_checks/data_protection_checks/protection_domain_checks/backup_schedule_check                                  [ PASS ] 
/health_checks/data_protection_checks/ahv_sync_rep_checks/ports_open_check                                            [ PASS ] 
/health_checks/system_checks/dns_server_check                                                                         [ PASS ] 
/health_checks/data_protection_checks/protection_domain_checks/recovery_point_availability_check                      [ PASS ] 
/health_checks/hardware_checks/factory_config_validation_check                                                        [ PASS ] 
/health_checks/data_protection_checks/protection_domain_checks/unsupported_vm_config_vstore_check                     [ PASS ] 
/health_checks/network_checks/10gbe_check                                                                             [ PASS ] 
/health_checks/system_checks/cvm_memory_check                                                                         [ PASS ] 
/health_checks/system_checks/hostname_resolution_check                                                                [ PASS ] 
/health_checks/system_checks/crash_dump_check                                                                         [ PASS ] 
/health_checks/hardware_checks/disk_checks/sata_controller_check                                                      [ PASS ] 
/health_checks/pcvm_checks/pcvm_protected_using_unsupported_DR_workflows                                              [ PASS ] 
/health_checks/system_checks/high_frequency_snapshotting_ssd_config_compatibility_check                               [ PASS ] 
/health_checks/system_checks/cluster_services_status                                                                  [ PASS ] 
/health_checks/system_checks/user_space_process_count                                                                 [ PASS ] 
/health_checks/hypervisor_checks/gpu_driver_installed_check                                                           [ PASS ] 
/health_checks/hardware_checks/m10_gpu_check                                                                          [ PASS ] 
/health_checks/system_checks/rf1_container_check                                                                      [ PASS ] 
/health_checks/network_checks/firewall_consistency_check                                                              [ PASS ] 
/health_checks/network_checks/inter_cvm_ping_latency_check                                                            [ PASS ] 
/health_checks/hardware_checks/dimm_checks/dimm_size_reduction_check                                                  [ PASS ] 
/health_checks/hardware_checks/invalid_node_population_check                                                          [ PASS ] 
/health_checks/pulse_checks/cfs_fatal_check                                                                           [ PASS ] 
/health_checks/stargate_checks/ondisk_dedup_enabled_check                                                             [ PASS ] 
/health_checks/data_protection_checks/remote_site_checks/remote_site_connectivity_check                               [ PASS ] 
/health_checks/system_checks/epsilon_version_mismatch_check                                                           [ PASS ] 
/health_checks/metro_availability_checks/data_locality_check                                                          [ PASS ] 
/health_checks/metro_availability_checks/unsupported_vm_config_check                                                  [ PASS ] 
/health_checks/robo_checks/robo_witness_configured_check                                                              [ PASS ] 
/health_checks/stargate_checks/copyupblockissue_check                                                                 [ PASS ] 
/health_checks/draas_checks/vm_recovery_container_mount_check                                                         [ PASS ] 
/health_checks/system_checks/cvm_same_ncc_version_check                                                               [ PASS ] 
/health_checks/network_checks/ahv_duplicate_secondary_ip_check                                                        [ PASS ] 
/health_checks/key_manager_checks/pc_kms_availability_check                                                           [ PASS ] 
/health_checks/system_checks/cvm_connectivity                                                                         [ PASS ] 
/health_checks/system_checks/cvm_reboot_check                                                                         [ PASS ] 
/health_checks/data_protection_checks/protection_domain_checks/aged_entity_centric_third_party_backup_snapshot_check  [ PASS ] 
/health_checks/fileserver_checks/fileserver_cvm_checks/file_server_container_check                                    [ PASS ] 
/health_checks/hardware_checks/dimm_interop_check                                                                     [ PASS ] 
/health_checks/hardware_checks/disk_checks/ssd_configuration_check                                                    [ PASS ] 
/health_checks/hardware_checks/ipmi_checks/mixed_psu_check                                                            [ PASS ] 
/health_checks/system_checks/rsyslog_forwarding_check                                                                 [ PASS ] 
/health_checks/ngt_checks/ngt_client_cert_expiry_check                                                                [ PASS ] 
/health_checks/system_checks/virtual_ip_check                                                                         [ PASS ] 
/health_checks/data_protection_checks/remote_site_checks/remote_site_config_check                                     [ PASS ] 
/health_checks/hypervisor_checks/ahv_fs_integrity_check                                                               [ PASS ] 
/health_checks/system_checks/cpu_unblock_check                                                                        [ PASS ] 
/health_checks/hardware_checks/disk_checks/unreserved_available_space_check                                           [ PASS ] 
/health_checks/hardware_checks/backplane_motherboard_compatibility_check                                              [ PASS ] 
/health_checks/system_checks/marker_files_check                                                                       [ PASS ] 
/health_checks/system_checks/same_timezone_check                                                                      [ PASS ] 
/health_checks/system_checks/coreoff_check                                                                            [ PASS ] 
/health_checks/system_checks/snapshot_chain_height_check                                                              [ PASS ] 
/health_checks/system_checks/check_host_password_expiry                                                               [ PASS ] 
/health_checks/network_checks/host_pingable_check                                                                     [ PASS ] 
/health_checks/data_protection_checks/remote_site_checks/remote_site_mtu_check                                        [ PASS ] 
/health_checks/data_protection_checks/protection_domain_checks/metro_vstore_symlinks_check                            [ PASS ] 
/health_checks/cassandra_checks/cassandra_sstable_health_warning_check                                                [ PASS ] 
/health_checks/network_checks/nic_link_down_check                                                                     [ PASS ] 
/health_checks/system_checks/calm_version_mismatch_check                                                              [ PASS ] 
/health_checks/hardware_checks/disk_checks/disk_storage_pool_check                                                    [ PASS ] 
/health_checks/system_checks/cluster_active_upgrade_check                                                             [ PASS ] 
/health_checks/data_protection_checks/remote_site_checks/remote_site_proxy_check                                      [ PASS ] 
/health_checks/system_checks/aide_check                                                                               [ PASS ] 
/health_checks/stargate_checks/usage_discrepancy_check                                                                [ PASS ] 
/health_checks/self_encrypting_drive_checks/disk_configuration_vs_intent_consistency_check                            [ PASS ] 
/health_checks/hardware_checks/disk_checks/lsi_firmware_rev_check                                                     [ PASS ] 
/health_checks/hypervisor_checks/ahv_file_integrity_check                                                             [ PASS ] 
/health_checks/hypervisor_checks/cvm_memory_reservation_check                                                         [ PASS ] 
/health_checks/hypervisor_checks/ahv_rpmdb_integrity_check                                                            [ PASS ] 
/health_checks/data_protection_checks/protection_domain_checks/linked_clones_in_nearsync_pds_check                    [ PASS ] 
/health_checks/hypervisor_checks/ahv_read_only_fs_check                                                               [ PASS ] 
/health_checks/robo_checks/robo_cluster_nodes_ping_check                                                              [ PASS ] 
/health_checks/data_protection_checks/remote_site_checks/remote_site_has_correct_cluster_info_check                   [ PASS ] 
/health_checks/system_checks/weekly_pre_expiry                                                                        [ PASS ] 
/health_checks/hypervisor_checks/ahv_remote_log_forwarding_check                                                      [ PASS ] 
/health_checks/hypervisor_checks/ahv_version_check                                                                    [ PASS ] 
/health_checks/system_checks/cluster_disabled_upgrade_check                                                           [ PASS ] 
/health_checks/hardware_checks/ipmi_checks/ipmi_sensor_threshold_check                                                [ PASS ] 
/health_checks/data_protection_checks/protection_domain_checks/stale_app_consistent_snapshot_metadata_chunks_check    [ PASS ] 
/health_checks/stargate_checks/node_storage_tier_skew_check                                                           [ PASS ] 
/health_checks/network_checks/conntrack_check                                                                         [ PASS ] 
/health_checks/network_checks/switch_checks/ovs_bond_config                                                           [ PASS ] 
/health_checks/data_protection_checks/protection_domain_checks/protection_domain_file_conflict_check                  [ PASS ] 
/health_checks/hardware_checks/dimm_checks/dimm_sel_check                                                             [ PASS ] 
/health_checks/system_checks/kernel_mitigations_check                                                                 [ PASS ] 
/health_checks/pulse_checks/rest_connection_checks                                                                    [ PASS ] 
/health_checks/hardware_checks/bmc_bios_version_check                                                                 [ PASS ] 
/health_checks/hardware_checks/disk_checks/nvme_raid_check                                                            [ PASS ] 
/health_checks/system_checks/degraded_node_check                                                                      [ PASS ] 
/health_checks/hypervisor_checks/cvm_virtual_hardware_version_check                                                   [ PASS ] 
/health_checks/network_checks/ns_config_consistency_check                                                             [ PASS ] 
/health_checks/network_checks/host_nic_error_check                                                                    [ PASS ] 
/health_checks/fileserver_checks/fileserver_cvm_checks/file_server_protect_status_check                               [ PASS ] 
/health_checks/network_checks/ovs_congestion_status_check                                                             [ PASS ] 
/health_checks/fileserver_checks/fileserver_cvm_checks/file_server_licensing_check                                    [ PASS ] 
/health_checks/fileserver_checks/fileserver_cvm_checks/file_server_vlan_mode_check                                    [ PASS ] 
/health_checks/network_checks/ipv6_config_check                                                                       [ PASS ] 
/health_checks/fileserver_checks/fileserver_cvm_checks/file_server_status_check                                       [ PASS ] 
/health_checks/robo_checks/robo_cluster_witness_network_check                                                         [ PASS ] 
/health_checks/system_checks/check_license_compliance                                                                 [ PASS ] 
/health_checks/system_checks/node_schedulable_check                                                                   [ PASS ] 
/health_checks/hardware_checks/fru_fields_correctness_check                                                           [ PASS ] 
/health_checks/system_checks/host_connectivity                                                                        [ PASS ] 
/health_checks/data_protection_checks/protection_domain_checks/storage_container_mount_check                          [ PASS ] 
/health_checks/system_checks/check_virtual_ip_is_in_cluster_external_subnet                                           [ PASS ] 
/health_checks/system_checks/password_expiry_check                                                                    [ PASS ] 
/health_checks/data_protection_checks/protection_domain_checks/ssd_snapshot_reserve_space_check                       [ PASS ] 
/health_checks/robo_checks/robo_cluster_witness_sync_check                                                            [ PASS ] 
/health_checks/data_protection_checks/protection_domain_checks/vstore_pd_file_count_check                             [ PASS ] 
/health_checks/system_checks/check_erasure_code_config                                                                [ PASS ] 
/health_checks/hardware_checks/disk_checks/disk_usage_check                                                           [ PASS ] 
/health_checks/cassandra_checks/cassandra_keyspace_cf_check                                                           [ PASS ] 
/health_checks/network_checks/host_cvm_subnets_check                                                                  [ PASS ] 
/health_checks/network_checks/duplicate_cvm_ip_check                                                                  [ PASS ] 
/health_checks/system_checks/dense_node_minimum_cvm_configuration_checks                                              [ PASS ] 
/health_checks/stargate_checks/compression_disabled_check                                                             [ PASS ] 
/health_checks/stargate_checks/garbage_egroups_size_check                                                             [ PASS ] 
/health_checks/metro_availability_checks/metro_automatic_checkpoint_snapshot_check                                    [ PASS ] 
/health_checks/data_protection_checks/cloud_checks/cloud_remote_check                                                 [ PASS ] 
/health_checks/key_manager_checks/local_key_manager_unsafe_mode_check                                                 [ PASS ] 
/health_checks/fileserver_checks/fileserver_cvm_checks/file_server_task_stuck_check                                   [ PASS ] 
/health_checks/system_checks/daily_pre_expiry                                                                         [ PASS ] 
/health_checks/network_checks/network_controller_host_certs_expiry_check                                              [ PASS ] 
/health_checks/data_protection_checks/protection_domain_checks/protected_vms_cbr_incapable_check                      [ PASS ] 
/health_checks/system_checks/notifications_dropped_check                                                              [ PASS ] 
/health_checks/metro_availability_checks/metro_stale_snapshot_check                                                   [ PASS ] 
/health_checks/hardware_checks/disk_checks/incomplete_disk_removal_check                                              [ PASS ] 
/health_checks/hardware_checks/disk_checks/vg_space_usage_check                                                       [ PASS ] 
/health_checks/hypervisor_checks/ahv_crash_file_check                                                                 [ PASS ] 
/health_checks/system_checks/http_proxy_check                                                                         [ PASS ] 
/health_checks/system_checks/storage_container_replication_factor_check                                               [ PASS ] 
/health_checks/fileserver_checks/fileserver_cvm_checks/file_server_vg_delete_check                                    [ PASS ] 
/health_checks/data_protection_checks/remote_site_checks/dr_service_reachability_check                                [ PASS ] 
/health_checks/pulse_checks/pulse_enablement_checks                                                                   [ PASS ] 
/health_checks/hardware_checks/chassis_cpus_type_check                                                                [ PASS ] 
/health_checks/hypervisor_checks/ahv_bridge_config_check                                                              [ PASS ] 
/health_checks/system_checks/cpu_avx_check                                                                            [ PASS ] 
/health_checks/system_checks/check_authentication_certificates_expiry                                                 [ PASS ] 
/health_checks/system_checks/cluster_services_down_check                                                              [ PASS ] 
/health_checks/cassandra_checks/cassandra_status_check                                                                [ PASS ] 
/health_checks/system_checks/sufficient_disk_space_check                                                              [ PASS ] 
/health_checks/system_checks/rsyslog_connectivity_check                                                               [ PASS ] 
/health_checks/data_protection_checks/protection_domain_checks/diverged_recovery_points_check                         [ PASS ] 
/health_checks/system_checks/same_hypervisor_version_check                                                            [ PASS ] 
/health_checks/fileserver_checks/fileserver_cvm_checks/multiple_file_server_versions_check                            [ PASS ] 
/health_checks/hardware_checks/disk_checks/inode_usage_check                                                          [ PASS ] 
/health_checks/key_manager_checks/ca_certificate_expiry_check                                                         [ PASS ] 
/health_checks/system_checks/storage_tier_check                                                                       [ PASS ] 
/health_checks/hardware_checks/disk_checks/disk_status_check                                                          [ PASS ] 
/health_checks/hardware_checks/hardware_ratio_check_module                                                            [ PASS ] 
/health_checks/network_checks/ahv_secondary_ip_ping_check                                                             [ PASS ] 
/health_checks/ngt_checks/ngt_installer_version_check                                                                 [ PASS ] 
/health_checks/hardware_checks/ipmi_checks/power_supply_issues_check                                                  [ PASS ] 
/health_checks/key_manager_checks/active_kmip_servers_check                                                           [ PASS ] 
/health_checks/hardware_checks/disk_checks/raid_health_check                                                          [ PASS ] 
/health_checks/fileserver_checks/fileserver_cvm_checks/file_server_vg_check                                           [ PASS ] 
/health_checks/system_checks/zkinfo_check_plugin                                                                      [ PASS ] 
/health_checks/data_protection_checks/protection_domain_checks/snapshot_missing_entities_check                        [ PASS ] 
/health_checks/system_checks/ngt_ca_setup_check                                                                       [ PASS ] 
/health_checks/hypervisor_checks/vm_checks                                                                            [ PASS ] 
/health_checks/system_checks/wsvm_memory_usage_check                                                                  [ PASS ] 
/health_checks/volume_group_checks/vg_count_high_check                                                                [ PASS ] 
/health_checks/system_checks/remote_support_status_check                                                              [ PASS ] 
/health_checks/network_checks/check_ntp                                                                               [ PASS ] 
/health_checks/hypervisor_checks/host_cpu_contention                                                                  [ PASS ] 
/health_checks/hardware_checks/disk_checks/storage_pool_space_usage_check                                             [ PASS ] 
/health_checks/hypervisor_checks/ahv_time_zone_check                                                                  [ PASS ] 
/health_checks/cassandra_checks/cassandra_ssd_size_check                                                              [ PASS ] 
/health_checks/network_checks/fns_pe_upgrade_prechecks                                                                [ PASS ] 
/health_checks/cassandra_checks/metadata_heap_size_check                                                              [ PASS ] 
/health_checks/network_checks/cvm_dvportgroup_binding_check                                                           [ PASS ] 
/health_checks/stargate_checks/dedup_auto_disabled_check                                                              [ PASS ] 
/health_checks/system_checks/check_ssl_expiry                                                                         [ PASS ] 
/health_checks/data_protection_checks/remote_site_checks/remote_site_time_sync_check                                  [ PASS ] 
/health_checks/key_manager_checks/node_certificate_expiry_check                                                       [ PASS ] 
/health_checks/robo_checks/robo_readonly_state_check                                                                  [ PASS ] 
/health_checks/system_checks/check_vm_pinning_config                                                                  [ PASS ] 
/health_checks/network_checks/duplicate_dsip_check                                                                    [ PASS ] 
/health_checks/system_checks/default_password_check                                                                   [ PASS ] 
/health_checks/data_protection_checks/protection_domain_checks/maximum_entities_in_consistency_group_check            [ PASS ] 
/health_checks/fileserver_checks/fileserver_cvm_checks/file_server_upgrade_task_stuck_check                           [ PASS ] 
/health_checks/hypervisor_checks/ahv_gateway_check                                                                    [ PASS ] 
/health_checks/hardware_checks/disk_checks/disk_online_check                                                          [ PASS ] 
/health_checks/fileserver_checks/fileserver_cvm_checks/file_server_default_password_check                             [ PASS ] 
/health_checks/system_checks/cvm_services_status                                                                      [ PASS ] 
/health_checks/data_protection_checks/protection_domain_checks/pds_share_vms_check                                    [ PASS ] 
/health_checks/data_protection_checks/protection_domain_checks/replication_of_deduped_entities_check                  [ PASS ] 
/health_checks/system_checks/ergon_checks                                                                             [ PASS ] 
/health_checks/system_checks/gflags_diff_check                                                                        [ PASS ] 
/health_checks/hypervisor_checks/ahv_cvm_startup_dependency_check                                                     [ PASS ] 
/health_checks/network_checks/ahv_host_mtu_check                                                                      [ PASS ] 

####################################################
# TIMESTAMP : Mon Sep 29 14:25:34 2025 (UTC +0000) #
####################################################
Cluster Name: Galactus
Cluster Id: 355569883914015262
Cluster UUID: 00062f6d-3730-e27d-04ef-3cecef85921e
Cluster Version: 7.0.1
NCC Version: 5.1.1-16f10d0e
    CVM ID(Svmid)            : 8
    CVM external IP          : 10.48.52.65
    Hypervisor IP            : 10.48.52.61
    Hypervisor version       : AHV 10.0.1
    IPMI IP                  : 10.49.44.91
    Node serial              : HM21BS000691
    Model                    : NX-3060-G8
    Node Position            : A
    Block S/N                : 22SH6M290255
    CVM ID(Svmid)            : 9
    CVM external IP          : 10.48.52.66
    Hypervisor IP            : 10.48.52.62
    Hypervisor version       : AHV 10.0.1
    IPMI IP                  : 10.49.44.92
    Node serial              : HM21BS010040
    Model                    : NX-3060-G8
    Node Position            : B
    Block S/N                : 22SH6M290255
    CVM ID(Svmid)            : 10
    CVM external IP          : 10.48.52.67
    Hypervisor IP            : 10.48.52.63
    Hypervisor version       : AHV 10.0.1
    IPMI IP                  : 10.49.44.93
    Node serial              : HM21BS000739
    Model                    : NX-3060-G8
    Node Position            : C
    Block S/N                : 22SH6M290255
    CVM ID(Svmid)            : 11
    CVM external IP          : 10.48.52.68
    Hypervisor IP            : 10.48.52.64
    Hypervisor version       : AHV 10.0.1
    IPMI IP                  : 10.49.44.94
    Node serial              : HM21BS000734
    Model                    : NX-3060-G8
    Node Position            : D
    Block S/N                : 22SH6M290255
    CVM ID(Svmid)            : 12
    CVM external IP          : 10.48.52.15
    Hypervisor IP            : 10.48.52.12
    Hypervisor version       : AHV 10.0.1
    IPMI IP                  : 10.49.44.89
    Node serial              : HM21BS000819
    Model                    : NX-3060-G8
    Node Position            : B
    Block S/N                : 22SH6M310207
